Build started 3/8/2015 3:01:58 AM.
     1>Project "c:\Users\Goodness\documents\visual studio 2013\Projects\TicTacToe\TicTacToe\TicTacToe.vcxproj" on node 2 (Build target(s)).
     1>ClCompile:
         C:\Program Files (x86)\Microsoft Visual Studio 12.0\VC\bin\CL.exe /c /ZI /nologo /W3 /WX- /Od /Oy- /D WIN32 /D _DEBUG /D _CONSOLE /D _LIB /D _UNICODE /D UNICODE /Gm /EHsc /RTC1 /MDd /GS /fp:precise /Zc:wchar_t /Zc:forScope /Fo"Debug\\" /Fd"Debug\vc120.pdb" /Gd /TP /analyze- /errorReport:prompt Source.cpp
         Source.cpp
     1>c:\users\goodness\documents\visual studio 2013\projects\tictactoe\tictactoe\tictactoe.h(15): error C2440: '=' : cannot convert from 'initializer-list' to 'int **'
                 Only an initializer-list with zero or one elements can be converted to this type
     1>c:\users\goodness\documents\visual studio 2013\projects\tictactoe\tictactoe\tictactoe.h(15): error C2059: syntax error : '{'
     1>c:\users\goodness\documents\visual studio 2013\projects\tictactoe\tictactoe\tictactoe.h(15): error C2143: syntax error : missing ';' before '{'
     1>c:\users\goodness\documents\visual studio 2013\projects\tictactoe\tictactoe\tictactoe.h(15): error C2143: syntax error : missing ';' before '}'
     1>c:\users\goodness\documents\visual studio 2013\projects\tictactoe\tictactoe\tictactoe.h(15): error C2143: syntax error : missing ';' before ','
     1>c:\users\goodness\documents\visual studio 2013\projects\tictactoe\tictactoe\tictactoe.h(16): error C2059: syntax error : '}'
     1>c:\users\goodness\documents\visual studio 2013\projects\tictactoe\tictactoe\tictactoe.h(16): error C2143: syntax error : missing ';' before '}'
     1>c:\users\goodness\documents\visual studio 2013\projects\tictactoe\tictactoe\tictactoe.h(18): error C2143: syntax error : missing ';' before '{'
     1>c:\users\goodness\documents\visual studio 2013\projects\tictactoe\tictactoe\tictactoe.h(18): error C2447: '{' : missing function header (old-style formal list?)
     1>Done Building Project "c:\Users\Goodness\documents\visual studio 2013\Projects\TicTacToe\TicTacToe\TicTacToe.vcxproj" (Build target(s)) -- FAILED.

Build FAILED.

Time Elapsed 00:00:00.75
